Arguments: 
  /usr/local/Cellar/node/8.3.0/bin/node /usr/local/bin/yarn add @types/jest @types/react @types/react-dom

PATH: 
  /Library/Frameworks/Python.framework/Versions/3.5/bin:/Library/Frameworks/Python.framework/Versions/3.6/bin:/usr/bin:/bin:/usr/sbin:/sbin:/usr/local/bin:/Library/TeX/texbin:/usr/local/go/bin:/Users/tony/go/bin:/Users/tony/projects/go-workspace:/Users/tony/bin

Yarn version: 
  1.2.1

Node version: 
  8.3.0

Platform: 
  darwin x64

npm manifest: 
  {
    "name": "dept-scheduler",
    "version": "1.0.0",
    "license": "MIT",
    "dependencies": {
      "rimraf": "^2.6.2"
    },
    "devDependencies": {
      "@types/electron-devtools-installer": "^2.0.2",
      "@types/jest": "^22.1.1",
      "@types/react": "^16.0.36",
      "@types/react-dom": "^16.0.3",
      "browserify": "^16.0.0",
      "csv-parser": "^1.12.0",
      "electron": "^1.8.2",
      "electron-devtools-installer": "^2.2.3",
      "electron-packager": "^11.0.0",
      "jest": "^22.2.1",
      "node-sass": "^4.7.2",
      "npm-run-all": "^4.1.2",
      "react": "^16.2.0",
      "react-dom": "^16.2.0",
      "redux": "^3.7.2",
      "ts-jest": "^22.0.3",
      "tsify": "^3.0.4",
      "tslint": "^5.9.1",
      "tslint-react": "^3.4.0",
      "typescript": "^2.7.1",
      "uglify-js": "^3.3.9",
      "watch": "^1.0.2",
      "watchify": "^3.10.0"
    },
    "scripts": {
      "build:scss": "node-sass ./src/scss/style.scss ./build/css/style.css",
      "watch:scss": "npm run build:scss & node-sass ./src/scss/style.scss ./build/css/style.css -w",
      "build:ts": "browserify ./src/ts/gui/app.tsx -p [ tsify --sourceMap ] -o ./build/js/app.js",
      "watch:ts": "watchify ./src/ts/gui/app.tsx -p [ tsify --sourceMap ] -o ./build/js/app.js",
      "build": "npm-run-all clean --parallel build:*",
      "watch": "npm-run-all clean --parallel watch:*",
      "tslint": "tslint --project ./tsconfig.json --force",
      "test": "jest",
    },
    "jest": {
      "transform": {
        "^.+\\.tsx?$": "ts-jest"
      },
      "testRegex": "(/__tests__/.*|(\\.|/)(test|spec))\\.(jsx?|tsx?)$",
      "moduleFileExtensions": [
        "ts",
        "tsx",
        "js",
        "jsx",
        "json",
        "node"
      ]
    }
  }

yarn manifest: 
  No manifest

Lockfile: 
  No lockfile

Trace: 
  SyntaxError: /Users/tony/PycharmProjects/dept-scheduler/scheduler/client/package.json: Unexpected token } in JSON at position 1390
      at JSON.parse (<anonymous>)
      at /usr/local/lib/node_modules/yarn/lib/cli.js:770:59
      at Generator.next (<anonymous>)
      at step (/usr/local/lib/node_modules/yarn/lib/cli.js:92:30)
      at /usr/local/lib/node_modules/yarn/lib/cli.js:103:13
      at <anonymous>
